<?xml version="1.0" encoding="UTF-8"?>
<!-- Generated by org.testng.reporters.JUnitXMLReporter -->
<testsuite ignored="2" hostname="jawad" failures="0" tests="1" name="Default test" time="15.899" errors="0" timestamp="2023-12-07T20:52:54 EST">
  <testcase classname="LoginPageSaleForce.HomePageSaleForceProject" name="testCase3CheckRememberMe" time="12.158"/>
  <testcase classname="LoginPageSaleForce.HomePageSaleForceProject" name="testCase2loginToSaleForceHomePage" time="0.0">
    <ignored/>
  </testcase> <!-- testCase2loginToSaleForceHomePage -->
  <testcase classname="LoginPageSaleForce.HomePageSaleForceProject" name="testCase1LoginErrorMessage" time="0.0">
    <ignored/>
  </testcase> <!-- testCase1LoginErrorMessage -->
</testsuite> <!-- Default test -->
