<?xml version="1.0" encoding="UTF-8"?>
<testng-results ignored="0" total="1" passed="1" failed="0" skipped="0">
  <reporter-output>
  </reporter-output>
  <suite started-at="2023-12-07T20:52:38 EST" name="Default suite" finished-at="2023-12-07T20:52:54 EST" duration-ms="15899">
    <groups>
    </groups>
    <test started-at="2023-12-07T20:52:38 EST" name="Default test" finished-at="2023-12-07T20:52:54 EST" duration-ms="15899">
      <class name="LoginPageSaleForce.HomePageSaleForceProject">
        <test-method is-config="true" signature="lunchBrowser()[pri:0, instance:LoginPageSaleForce.HomePageSaleForceProject@18df8434]" started-at="2023-12-07T20:52:38 EST" name="lunchBrowser" finished-at="2023-12-07T20:52:41 EST" duration-ms="3409" status="PASS">
          <reporter-output>
          </reporter-output>
        </test-method> <!-- lunchBrowser -->
        <test-method signature="testCase3CheckRememberMe()[pri:0, instance:LoginPageSaleForce.HomePageSaleForceProject@18df8434]" started-at="2023-12-07T20:52:41 EST" name="testCase3CheckRememberMe" finished-at="2023-12-07T20:52:53 EST" duration-ms="12158" status="PASS">
          <reporter-output>
          </reporter-output>
        </test-method> <!-- testCase3CheckRememberMe -->
        <test-method is-config="true" signature="tearDown()[pri:0, instance:LoginPageSaleForce.HomePageSaleForceProject@18df8434]" started-at="2023-12-07T20:52:53 EST" name="tearDown" finished-at="2023-12-07T20:52:54 EST" duration-ms="262" status="PASS">
          <reporter-output>
          </reporter-output>
        </test-method> <!-- tearDown -->
      </class> <!-- LoginPageSaleForce.HomePageSaleForceProject -->
    </test> <!-- Default test -->
  </suite> <!-- Default suite -->
</testng-results>
